This file contains any messages produced by compilers while
running configure, to aid debugging if configure makes a mistake.

It was created by Protocol Buffers configure 3.6.1, which was
generated by GNU Autoconf 2.69.  Invocation command line was

  $ ../configure --build=i386-pc-linux-gnu --host=arm-linux-androideabi --target=arm-linux-androideabi --cache-file=arm-linux-androideabi.cache --prefix=/home/liutao/install/protobuf-for-arm --with-sysroot=/home/liutao/ndk_toolchain/arm-linux-androideabi/sysroot --with-protoc=/home/liutao/test/protobuf-3.6.1/protoc CFLAGS=-march=armv7-a -O2 -DNDEBUG -fopenmp -pipe CXXFLAGS=-march=armv7-a -O2 -DNDEBUG -fopenmp -pipe

## --------- ##
## Platform. ##
## --------- ##

hostname = liutao-MS-7B33
uname -m = x86_64
uname -r = 4.15.0-43-generic
uname -s = Linux
uname -v = #46-Ubuntu SMP Thu Dec 6 14:45:28 UTC 2018

/usr/bin/uname -p = unknown
/bin/uname -X     = unknown

/bin/arch              = unknown
/usr/bin/arch -k       = unknown
/usr/convex/getsysinfo = unknown
/usr/bin/hostinfo      = unknown
/bin/machine           = unknown
/usr/bin/oslevel       = unknown
/bin/universe          = unknown

PATH: /usr/local/sbin
PATH: /usr/local/bin
PATH: /usr/sbin
PATH: /usr/bin
PATH: /sbin
PATH: /bin
PATH: /usr/games
PATH: /usr/local/games
PATH: /snap/bin
PATH: /usr/java/jdk1.8.0_191/bin
PATH: .
PATH: /home/liutao/install/android/android-studio/bin
PATH: /home/liutao/install/tool/pycharm-2018.3.2/bin
PATH: /usr/java/jdk1.8.0_191/bin
PATH: .
PATH: /home/liutao/install/android/android-studio/bin
PATH: /home/liutao/install/tool/pycharm-2018.3.2/bin
PATH: /home/liutao/ndk_toolchain/arm-linux-androideabi
PATH: /home/liutao/install/protobuf-for-arm/lib
PATH: /home/liutao/install/protobuf-for-arm/bin
PATH: /home/liutao/install/protobuf-for-arm/include
PATH: /home/liutao/ndk_toolchain/arm-linux-androideabi/bin


## ----------- ##
## Core tests. ##
## ----------- ##

configure:2545: creating cache arm-linux-androideabi.cache
configure:2620: checking whether to enable maintainer-specific portions of Makefiles
configure:2629: result: yes
configure:2704: checking build system type
configure:2718: result: i386-pc-linux-gnu
configure:2738: checking host system type
configure:2751: result: arm-unknown-linux-androideabi
configure:2771: checking target system type
configure:2784: result: arm-unknown-linux-androideabi
configure:2827: checking for a BSD-compatible install
configure:2895: result: /usr/bin/install -c
configure:2906: checking whether build environment is sane
configure:2961: result: yes
configure:3020: checking for arm-linux-androideabi-strip
configure:3036: found /home/liutao/ndk_toolchain/arm-linux-androideabi/bin/arm-linux-androideabi-strip
configure:3047: result: arm-linux-androideabi-strip
configure:3112: checking for a thread-safe mkdir -p
configure:3151: result: /bin/mkdir -p
configure:3158: checking for gawk
configure:3188: result: no
configure:3158: checking for mawk
configure:3174: found /usr/bin/mawk
configure:3185: result: mawk
configure:3196: checking whether make sets $(MAKE)
configure:3218: result: yes
configure:3247: checking whether make supports nested variables
configure:3264: result: yes
configure:3353: checking whether UID '1000' is supported by ustar format
configure:3356: result: yes
configure:3363: checking whether GID '1000' is supported by ustar format
configure:3366: result: yes
configure:3374: checking how to create a ustar tar archive
configure:3385: tar --version
tar (GNU tar) 1.29
Copyright (C) 2015 Free Software Foundation, Inc.
License GPLv3+: GNU GPL version 3 or later <http://gnu.org/licenses/gpl.html>.
This is free software: you are free to change and redistribute it.
There is NO WARRANTY, to the extent permitted by law.

Written by John Gilmore and Jay Fenlason.
configure:3388: $? = 0
configure:3428: tardir=conftest.dir && eval tar --format=ustar -chf - "$tardir" >conftest.tar
configure:3431: $? = 0
configure:3435: tar -xf - <conftest.tar
configure:3438: $? = 0
configure:3440: cat conftest.dir/file
GrepMe
configure:3443: $? = 0
configure:3456: result: gnutar
configure:3548: checking for arm-linux-androideabi-gcc
configure:3575: result: arm-linux-androideabi-gcc
configure:3844: checking for C compiler version
configure:3853: arm-linux-androideabi-gcc --version >&5
Android (4751641 based on r328903) clang version 7.0.2 (https://android.googlesource.com/toolchain/clang 003100370607242ddd5815e4a043907ea9004281) (https://android.googlesource.com/toolchain/llvm 1d739ffb0366421d383e04ff80ec2ee591315116) (based on LLVM 7.0.2svn)
Target: armv7a-none-linux-android16
Thread model: posix
InstalledDir: /home/liutao/ndk_toolchain/arm-linux-androideabi/bin
configure:3864: $? = 0
configure:3853: arm-linux-androideabi-gcc -v >&5
Android (4751641 based on r328903) clang version 7.0.2 (https://android.googlesource.com/toolchain/clang 003100370607242ddd5815e4a043907ea9004281) (https://android.googlesource.com/toolchain/llvm 1d739ffb0366421d383e04ff80ec2ee591315116) (based on LLVM 7.0.2svn)
Target: armv7a-none-linux-android16
Thread model: posix
InstalledDir: /home/liutao/ndk_toolchain/arm-linux-androideabi/bin
Found candidate GCC installation: /home/liutao/ndk_toolchain/arm-linux-androideabi/bin/../lib/gcc/arm-linux-androideabi/4.9.x
Selected GCC installation: /home/liutao/ndk_toolchain/arm-linux-androideabi/bin/../lib/gcc/arm-linux-androideabi/4.9.x
Candidate multilib: thumb;@mthumb
Candidate multilib: armv7-a;@march=armv7-a
Candidate multilib: armv7-a/thumb;@march=armv7-a@mthumb
Candidate multilib: .;
... rest of stderr output deleted ...
configure:3864: $? = 0
configure:3853: arm-linux-androideabi-gcc -V >&5
clang70: error: argument to '-V' is missing (expected 1 value)
clang70: error: no input files
configure:3864: $? = 1
configure:3853: arm-linux-androideabi-gcc -qversion >&5
clang70: error: unknown argument '-qversion', did you mean '--version'?
clang70: error: no input files
configure:3864: $? = 1
configure:3884: checking whether the C compiler works
configure:3906: arm-linux-androideabi-gcc -march=armv7-a -O2 -DNDEBUG -fopenmp -pipe   conftest.c -llog >&5
configure:3910: $? = 0
configure:3958: result: yes
configure:3961: checking for C compiler default output file name
configure:3963: result: a.out
configure:3969: checking for suffix of executables
configure:3976: arm-linux-androideabi-gcc -o conftest -march=armv7-a -O2 -DNDEBUG -fopenmp -pipe   conftest.c -llog >&5
configure:3980: $? = 0
configure:4002: result: 
configure:4024: checking whether we are cross compiling
configure:4062: result: yes
configure:4067: checking for suffix of object files
configure:4089: arm-linux-androideabi-gcc -c -march=armv7-a -O2 -DNDEBUG -fopenmp -pipe  conftest.c >&5
configure:4093: $? = 0
configure:4114: result: o
configure:4118: checking whether we are using the GNU C compiler
configure:4137: arm-linux-androideabi-gcc -c -march=armv7-a -O2 -DNDEBUG -fopenmp -pipe  conftest.c >&5
configure:4137: $? = 0
configure:4146: result: yes
configure:4155: checking whether arm-linux-androideabi-gcc accepts -g
configure:4175: arm-linux-androideabi-gcc -c -g  conftest.c >&5
configure:4175: $? = 0
configure:4216: result: yes
configure:4233: checking for arm-linux-androideabi-gcc option to accept ISO C89
configure:4296: arm-linux-androideabi-gcc  -c -march=armv7-a -O2 -DNDEBUG -fopenmp -pipe  conftest.c >&5
configure:4296: $? = 0
configure:4309: result: none needed
configure:4334: checking whether arm-linux-androideabi-gcc understands -c and -o together
configure:4356: arm-linux-androideabi-gcc -c conftest.c -o conftest2.o
configure:4359: $? = 0
configure:4356: arm-linux-androideabi-gcc -c conftest.c -o conftest2.o
configure:4359: $? = 0
configure:4371: result: yes
configure:4399: checking for style of include used by make
configure:4427: result: GNU
configure:4453: checking dependency style of arm-linux-androideabi-gcc
configure:4564: result: gcc3
configure:4691: checking for C++ compiler version
configure:4700: arm-linux-androideabi-g++ --version >&5
Android (4751641 based on r328903) clang version 7.0.2 (https://android.googlesource.com/toolchain/clang 003100370607242ddd5815e4a043907ea9004281) (https://android.googlesource.com/toolchain/llvm 1d739ffb0366421d383e04ff80ec2ee591315116) (based on LLVM 7.0.2svn)
Target: armv7a-none-linux-android16
Thread model: posix
InstalledDir: /home/liutao/ndk_toolchain/arm-linux-androideabi/bin
configure:4711: $? = 0
configure:4700: arm-linux-androideabi-g++ -v >&5
Android (4751641 based on r328903) clang version 7.0.2 (https://android.googlesource.com/toolchain/clang 003100370607242ddd5815e4a043907ea9004281) (https://android.googlesource.com/toolchain/llvm 1d739ffb0366421d383e04ff80ec2ee591315116) (based on LLVM 7.0.2svn)
Target: armv7a-none-linux-android16
Thread model: posix
InstalledDir: /home/liutao/ndk_toolchain/arm-linux-androideabi/bin
Found candidate GCC installation: /home/liutao/ndk_toolchain/arm-linux-androideabi/bin/../lib/gcc/arm-linux-androideabi/4.9.x
Selected GCC installation: /home/liutao/ndk_toolchain/arm-linux-androideabi/bin/../lib/gcc/arm-linux-androideabi/4.9.x
Candidate multilib: thumb;@mthumb
Candidate multilib: armv7-a;@march=armv7-a
Candidate multilib: armv7-a/thumb;@march=armv7-a@mthumb
Candidate multilib: .;
... rest of stderr output deleted ...
configure:4711: $? = 0
configure:4700: arm-linux-androideabi-g++ -V >&5
clang70++: error: argument to '-V' is missing (expected 1 value)
clang70++: error: no input files
configure:4711: $? = 1
configure:4700: arm-linux-androideabi-g++ -qversion >&5
clang70++: error: unknown argument '-qversion', did you mean '--version'?
clang70++: error: no input files
configure:4711: $? = 1
configure:4715: checking whether we are using the GNU C++ compiler
configure:4734: arm-linux-androideabi-g++ -c -march=armv7-a -O2 -DNDEBUG -fopenmp -pipe  conftest.cpp >&5
configure:4734: $? = 0
configure:4743: result: yes
configure:4752: checking whether arm-linux-androideabi-g++ accepts -g
configure:4772: arm-linux-androideabi-g++ -c -g  conftest.cpp >&5
configure:4772: $? = 0
configure:4813: result: yes
configure:4838: checking dependency style of arm-linux-androideabi-g++
configure:4949: result: gcc3
configure:4969: checking how to run the C preprocessor
configure:5000: arm-linux-androideabi-gcc -E  conftest.c
configure:5000: $? = 0
configure:5014: arm-linux-androideabi-gcc -E  conftest.c
conftest.c:11:10: fatal error: 'ac_nonexistent.h' file not found
#include <ac_nonexistent.h>
         ^~~~~~~~~~~~~~~~~~
1 error generated.
configure:5014: $? = 1
configure: failed program was:
| /* confdefs.h */
| #define PACKAGE_NAME "Protocol Buffers"
| #define PACKAGE_TARNAME "protobuf"
| #define PACKAGE_VERSION "3.6.1"
| #define PACKAGE_STRING "Protocol Buffers 3.6.1"
| #define PACKAGE_BUGREPORT "protobuf@googlegroups.com"
| #define PACKAGE_URL ""
| #define PACKAGE "protobuf"
| #define VERSION "3.6.1"
| /* end confdefs.h.  */
| #include <ac_nonexistent.h>
configure:5039: result: arm-linux-androideabi-gcc -E
configure:5059: arm-linux-androideabi-gcc -E  conftest.c
configure:5059: $? = 0
configure:5073: arm-linux-androideabi-gcc -E  conftest.c
conftest.c:11:10: fatal error: 'ac_nonexistent.h' file not found
#include <ac_nonexistent.h>
         ^~~~~~~~~~~~~~~~~~
1 error generated.
configure:5073: $? = 1
configure: failed program was:
| /* confdefs.h */
| #define PACKAGE_NAME "Protocol Buffers"
| #define PACKAGE_TARNAME "protobuf"
| #define PACKAGE_VERSION "3.6.1"
| #define PACKAGE_STRING "Protocol Buffers 3.6.1"
| #define PACKAGE_BUGREPORT "protobuf@googlegroups.com"
| #define PACKAGE_URL ""
| #define PACKAGE "protobuf"
| #define VERSION "3.6.1"
| /* end confdefs.h.  */
| #include <ac_nonexistent.h>
configure:5157: checking for gcc
configure:5173: found /usr/bin/gcc
configure:5184: result: gcc
configure:5413: checking for C compiler version
configure:5422: gcc --version >&5
gcc (Ubuntu 7.3.0-27ubuntu1~18.04) 7.3.0
Copyright (C) 2017 Free Software Foundation, Inc.
This is free software; see the source for copying conditions.  There is NO
warranty; not even for MERCHANTABILITY or FITNESS FOR A PARTICULAR PURPOSE.

configure:5433: $? = 0
configure:5422: gcc -v >&5
Using built-in specs.
COLLECT_GCC=gcc
COLLECT_LTO_WRAPPER=/usr/lib/gcc/x86_64-linux-gnu/7/lto-wrapper
OFFLOAD_TARGET_NAMES=nvptx-none
OFFLOAD_TARGET_DEFAULT=1
Target: x86_64-linux-gnu
Configured with: ../src/configure -v --with-pkgversion='Ubuntu 7.3.0-27ubuntu1~18.04' --with-bugurl=file:///usr/share/doc/gcc-7/README.Bugs --enable-languages=c,ada,c++,go,brig,d,fortran,objc,obj-c++ --prefix=/usr --with-gcc-major-version-only --program-suffix=-7 --program-prefix=x86_64-linux-gnu- --enable-shared --enable-linker-build-id --libexecdir=/usr/lib --without-included-gettext --enable-threads=posix --libdir=/usr/lib --enable-nls --with-sysroot=/ --enable-clocale=gnu --enable-libstdcxx-debug --enable-libstdcxx-time=yes --with-default-libstdcxx-abi=new --enable-gnu-unique-object --disable-vtable-verify --enable-libmpx --enable-plugin --enable-default-pie --with-system-zlib --with-target-system-zlib --enable-objc-gc=auto --enable-multiarch --disable-werror --with-arch-32=i686 --with-abi=m64 --with-multilib-list=m32,m64,mx32 --enable-multilib --with-tune=generic --enable-offload-targets=nvptx-none --without-cuda-driver --enable-checking=release --build=x86_64-linux-gnu --host=x86_64-linux-gnu --target=x86_64-linux-gnu
Thread model: posix
gcc version 7.3.0 (Ubuntu 7.3.0-27ubuntu1~18.04) 
configure:5433: $? = 0
configure:5422: gcc -V >&5
gcc: error: unrecognized command line option '-V'
gcc: fatal error: no input files
compilation terminated.
configure:5433: $? = 1
configure:5422: gcc -qversion >&5
gcc: error: unrecognized command line option '-qversion'; did you mean '--version'?
gcc: fatal error: no input files
compilation terminated.
configure:5433: $? = 1
configure:5437: checking whether we are using the GNU C compiler
configure:5465: result: yes
configure:5474: checking whether gcc accepts -g
configure:5494: arm-linux-androideabi-gcc -c -march=armv7-a -O2 -DNDEBUG -fopenmp -pipe  conftest.c >&5
configure:5494: $? = 0
configure:5535: result: yes
configure:5552: checking for gcc option to accept ISO C89
configure:5628: result: none needed
configure:5653: checking whether gcc understands -c and -o together
configure:5690: result: yes
configure:5709: checking dependency style of gcc
configure:5820: result: gcc3
configure:5840: checking how to run the C preprocessor
configure:5871: arm-linux-androideabi-gcc -E  conftest.c
configure:5871: $? = 0
configure:5885: arm-linux-androideabi-gcc -E  conftest.c
conftest.c:11:10: fatal error: 'ac_nonexistent.h' file not found
#include <ac_nonexistent.h>
         ^~~~~~~~~~~~~~~~~~
1 error generated.
configure:5885: $? = 1
configure: failed program was:
| /* confdefs.h */
| #define PACKAGE_NAME "Protocol Buffers"
| #define PACKAGE_TARNAME "protobuf"
| #define PACKAGE_VERSION "3.6.1"
| #define PACKAGE_STRING "Protocol Buffers 3.6.1"
| #define PACKAGE_BUGREPORT "protobuf@googlegroups.com"
| #define PACKAGE_URL ""
| #define PACKAGE "protobuf"
| #define VERSION "3.6.1"
| /* end confdefs.h.  */
| #include <ac_nonexistent.h>
configure:5910: result: gcc -E
configure:5930: arm-linux-androideabi-gcc -E  conftest.c
configure:5930: $? = 0
configure:5944: arm-linux-androideabi-gcc -E  conftest.c
conftest.c:11:10: fatal error: 'ac_nonexistent.h' file not found
#include <ac_nonexistent.h>
         ^~~~~~~~~~~~~~~~~~
1 error generated.
configure:5944: $? = 1
configure: failed program was:
| /* confdefs.h */
| #define PACKAGE_NAME "Protocol Buffers"
| #define PACKAGE_TARNAME "protobuf"
| #define PACKAGE_VERSION "3.6.1"
| #define PACKAGE_STRING "Protocol Buffers 3.6.1"
| #define PACKAGE_BUGREPORT "protobuf@googlegroups.com"
| #define PACKAGE_URL ""
| #define PACKAGE "protobuf"
| #define VERSION "3.6.1"
| /* end confdefs.h.  */
| #include <ac_nonexistent.h>
configure:5986: checking how to run the C++ preprocessor
configure:6013: arm-linux-androideabi-g++ -E  conftest.cpp
configure:6013: $? = 0
configure:6027: arm-linux-androideabi-g++ -E  conftest.cpp
conftest.cpp:11:10: fatal error: 'ac_nonexistent.h' file not found
#include <ac_nonexistent.h>
         ^~~~~~~~~~~~~~~~~~
1 error generated.
configure:6027: $? = 1
configure: failed program was:
| /* confdefs.h */
| #define PACKAGE_NAME "Protocol Buffers"
| #define PACKAGE_TARNAME "protobuf"
| #define PACKAGE_VERSION "3.6.1"
| #define PACKAGE_STRING "Protocol Buffers 3.6.1"
| #define PACKAGE_BUGREPORT "protobuf@googlegroups.com"
| #define PACKAGE_URL ""
| #define PACKAGE "protobuf"
| #define VERSION "3.6.1"
| /* end confdefs.h.  */
| #include <ac_nonexistent.h>
configure:6052: result: arm-linux-androideabi-g++ -E
configure:6072: arm-linux-androideabi-g++ -E  conftest.cpp
configure:6072: $? = 0
configure:6086: arm-linux-androideabi-g++ -E  conftest.cpp
conftest.cpp:11:10: fatal error: 'ac_nonexistent.h' file not found
#include <ac_nonexistent.h>
         ^~~~~~~~~~~~~~~~~~
1 error generated.
configure:6086: $? = 1
configure: failed program was:
| /* confdefs.h */
| #define PACKAGE_NAME "Protocol Buffers"
| #define PACKAGE_TARNAME "protobuf"
| #define PACKAGE_VERSION "3.6.1"
| #define PACKAGE_STRING "Protocol Buffers 3.6.1"
| #define PACKAGE_BUGREPORT "protobuf@googlegroups.com"
| #define PACKAGE_URL ""
| #define PACKAGE "protobuf"
| #define VERSION "3.6.1"
| /* end confdefs.h.  */
| #include <ac_nonexistent.h>
configure:6179: checking for g++
configure:6195: found /usr/bin/g++
configure:6206: result: g++
configure:6233: checking for C++ compiler version
configure:6242: g++ --version >&5
g++ (Ubuntu 7.3.0-27ubuntu1~18.04) 7.3.0
Copyright (C) 2017 Free Software Foundation, Inc.
This is free software; see the source for copying conditions.  There is NO
warranty; not even for MERCHANTABILITY or FITNESS FOR A PARTICULAR PURPOSE.

configure:6253: $? = 0
configure:6242: g++ -v >&5
Using built-in specs.
COLLECT_GCC=g++
COLLECT_LTO_WRAPPER=/usr/lib/gcc/x86_64-linux-gnu/7/lto-wrapper
OFFLOAD_TARGET_NAMES=nvptx-none
OFFLOAD_TARGET_DEFAULT=1
Target: x86_64-linux-gnu
Configured with: ../src/configure -v --with-pkgversion='Ubuntu 7.3.0-27ubuntu1~18.04' --with-bugurl=file:///usr/share/doc/gcc-7/README.Bugs --enable-languages=c,ada,c++,go,brig,d,fortran,objc,obj-c++ --prefix=/usr --with-gcc-major-version-only --program-suffix=-7 --program-prefix=x86_64-linux-gnu- --enable-shared --enable-linker-build-id --libexecdir=/usr/lib --without-included-gettext --enable-threads=posix --libdir=/usr/lib --enable-nls --with-sysroot=/ --enable-clocale=gnu --enable-libstdcxx-debug --enable-libstdcxx-time=yes --with-default-libstdcxx-abi=new --enable-gnu-unique-object --disable-vtable-verify --enable-libmpx --enable-plugin --enable-default-pie --with-system-zlib --with-target-system-zlib --enable-objc-gc=auto --enable-multiarch --disable-werror --with-arch-32=i686 --with-abi=m64 --with-multilib-list=m32,m64,mx32 --enable-multilib --with-tune=generic --enable-offload-targets=nvptx-none --without-cuda-driver --enable-checking=release --build=x86_64-linux-gnu --host=x86_64-linux-gnu --target=x86_64-linux-gnu
Thread model: posix
gcc version 7.3.0 (Ubuntu 7.3.0-27ubuntu1~18.04) 
configure:6253: $? = 0
configure:6242: g++ -V >&5
g++: error: unrecognized command line option '-V'
g++: fatal error: no input files
compilation terminated.
configure:6253: $? = 1
configure:6242: g++ -qversion >&5
g++: error: unrecognized command line option '-qversion'; did you mean '--version'?
g++: fatal error: no input files
compilation terminated.
configure:6253: $? = 1
configure:6257: checking whether we are using the GNU C++ compiler
configure:6285: result: yes
configure:6294: checking whether g++ accepts -g
configure:6314: arm-linux-androideabi-gcc -c -march=armv7-a -O2 -DNDEBUG -fopenmp -pipe  conftest.cpp >&5
configure:6314: $? = 0
configure:6355: result: yes
configure:6380: checking dependency style of g++
configure:6491: result: gcc3
configure:6511: checking how to run the C++ preprocessor
configure:6538: g++ -E  conftest.cpp
configure:6538: $? = 0
configure:6552: g++ -E  conftest.cpp
conftest.cpp:11:10: fatal error: ac_nonexistent.h: No such file or directory
 #include <ac_nonexistent.h>
          ^~~~~~~~~~~~~~~~~~
compilation terminated.
configure:6552: $? = 1
configure: failed program was:
| /* confdefs.h */
| #define PACKAGE_NAME "Protocol Buffers"
| #define PACKAGE_TARNAME "protobuf"
| #define PACKAGE_VERSION "3.6.1"
| #define PACKAGE_STRING "Protocol Buffers 3.6.1"
| #define PACKAGE_BUGREPORT "protobuf@googlegroups.com"
| #define PACKAGE_URL ""
| #define PACKAGE "protobuf"
| #define VERSION "3.6.1"
| /* end confdefs.h.  */
| #include <ac_nonexistent.h>
configure:6577: result: g++ -E
configure:6597: g++ -E  conftest.cpp
configure:6597: $? = 0
configure:6611: g++ -E  conftest.cpp
conftest.cpp:11:10: fatal error: ac_nonexistent.h: No such file or directory
 #include <ac_nonexistent.h>
          ^~~~~~~~~~~~~~~~~~
compilation terminated.
configure:6611: $? = 1
configure: failed program was:
| /* confdefs.h */
| #define PACKAGE_NAME "Protocol Buffers"
| #define PACKAGE_TARNAME "protobuf"
| #define PACKAGE_VERSION "3.6.1"
| #define PACKAGE_STRING "Protocol Buffers 3.6.1"
| #define PACKAGE_BUGREPORT "protobuf@googlegroups.com"
| #define PACKAGE_URL ""
| #define PACKAGE "protobuf"
| #define VERSION "3.6.1"
| /* end confdefs.h.  */
| #include <ac_nonexistent.h>
configure:6653: checking for grep that handles long lines and -e
configure:6711: result: /bin/grep
configure:6716: checking for egrep
configure:6778: result: /bin/grep -E
configure:6783: checking for ANSI C header files
configure:6803: arm-linux-androideabi-g++ -c -march=armv7-a -O2 -DNDEBUG -fopenmp -pipe  conftest.cpp >&5
configure:6803: $? = 0
configure:6887: result: yes
configure:6900: checking for sys/types.h
configure:6900: arm-linux-androideabi-g++ -c -march=armv7-a -O2 -DNDEBUG -fopenmp -pipe  conftest.cpp >&5
configure:6900: $? = 0
configure:6900: result: yes
configure:6900: checking for sys/stat.h
configure:6900: arm-linux-androideabi-g++ -c -march=armv7-a -O2 -DNDEBUG -fopenmp -pipe  conftest.cpp >&5
configure:6900: $? = 0
configure:6900: result: yes
configure:6900: checking for stdlib.h
configure:6900: arm-linux-androideabi-g++ -c -march=armv7-a -O2 -DNDEBUG -fopenmp -pipe  conftest.cpp >&5
configure:6900: $? = 0
configure:6900: result: yes
configure:6900: checking for string.h
configure:6900: arm-linux-androideabi-g++ -c -march=armv7-a -O2 -DNDEBUG -fopenmp -pipe  conftest.cpp >&5
configure:6900: $? = 0
configure:6900: result: yes
configure:6900: checking for memory.h
configure:6900: arm-linux-androideabi-g++ -c -march=armv7-a -O2 -DNDEBUG -fopenmp -pipe  conftest.cpp >&5
configure:6900: $? = 0
configure:6900: result: yes
configure:6900: checking for strings.h
configure:6900: arm-linux-androideabi-g++ -c -march=armv7-a -O2 -DNDEBUG -fopenmp -pipe  conftest.cpp >&5
configure:6900: $? = 0
configure:6900: result: yes
configure:6900: checking for inttypes.h
configure:6900: arm-linux-androideabi-g++ -c -march=armv7-a -O2 -DNDEBUG -fopenmp -pipe  conftest.cpp >&5
configure:6900: $? = 0
configure:6900: result: yes
configure:6900: checking for stdint.h
configure:6900: arm-linux-androideabi-g++ -c -march=armv7-a -O2 -DNDEBUG -fopenmp -pipe  conftest.cpp >&5
configure:6900: $? = 0
configure:6900: result: yes
configure:6900: checking for unistd.h
configure:6900: arm-linux-androideabi-g++ -c -march=armv7-a -O2 -DNDEBUG -fopenmp -pipe  conftest.cpp >&5
configure:6900: $? = 0
configure:6900: result: yes
configure:6913: checking minix/config.h usability
configure:6913: arm-linux-androideabi-g++ -c -march=armv7-a -O2 -DNDEBUG -fopenmp -pipe  conftest.cpp >&5
conftest.cpp:54:10: fatal error: 'minix/config.h' file not found
#include <minix/config.h>
         ^~~~~~~~~~~~~~~~
1 error generated.
configure:6913: $? = 1
configure: failed program was:
| /* confdefs.h */
| #define PACKAGE_NAME "Protocol Buffers"
| #define PACKAGE_TARNAME "protobuf"
| #define PACKAGE_VERSION "3.6.1"
| #define PACKAGE_STRING "Protocol Buffers 3.6.1"
| #define PACKAGE_BUGREPORT "protobuf@googlegroups.com"
| #define PACKAGE_URL ""
| #define PACKAGE "protobuf"
| #define VERSION "3.6.1"
| #define STDC_HEADERS 1
| #define HAVE_SYS_TYPES_H 1
| #define HAVE_SYS_STAT_H 1
| #define HAVE_STDLIB_H 1
| #define HAVE_STRING_H 1
| #define HAVE_MEMORY_H 1
| #define HAVE_STRINGS_H 1
| #define HAVE_INTTYPES_H 1
| #define HAVE_STDINT_H 1
| #define HAVE_UNISTD_H 1
| /* end confdefs.h.  */
| #include <stdio.h>
| #ifdef HAVE_SYS_TYPES_H
| # include <sys/types.h>
| #endif
| #ifdef HAVE_SYS_STAT_H
| # include <sys/stat.h>
| #endif
| #ifdef STDC_HEADERS
| # include <stdlib.h>
| # include <stddef.h>
| #else
| # ifdef HAVE_STDLIB_H
| #  include <stdlib.h>
| # endif
| #endif
| #ifdef HAVE_STRING_H
| # if !defined STDC_HEADERS && defined HAVE_MEMORY_H
| #  include <memory.h>
| # endif
| # include <string.h>
| #endif
| #ifdef HAVE_STRINGS_H
| # include <strings.h>
| #endif
| #ifdef HAVE_INTTYPES_H
| # include <inttypes.h>
| #endif
| #ifdef HAVE_STDINT_H
| # include <stdint.h>
| #endif
| #ifdef HAVE_UNISTD_H
| # include <unistd.h>
| #endif
| #include <minix/config.h>
configure:6913: result: no
configure:6913: checking minix/config.h presence
configure:6913: arm-linux-androideabi-g++ -E  conftest.cpp
conftest.cpp:21:10: fatal error: 'minix/config.h' file not found
#include <minix/config.h>
         ^~~~~~~~~~~~~~~~
1 error generated.
configure:6913: $? = 1
configure: failed program was:
| /* confdefs.h */
| #define PACKAGE_NAME "Protocol Buffers"
| #define PACKAGE_TARNAME "protobuf"
| #define PACKAGE_VERSION "3.6.1"
| #define PACKAGE_STRING "Protocol Buffers 3.6.1"
| #define PACKAGE_BUGREPORT "protobuf@googlegroups.com"
| #define PACKAGE_URL ""
| #define PACKAGE "protobuf"
| #define VERSION "3.6.1"
| #define STDC_HEADERS 1
| #define HAVE_SYS_TYPES_H 1
| #define HAVE_SYS_STAT_H 1
| #define HAVE_STDLIB_H 1
| #define HAVE_STRING_H 1
| #define HAVE_MEMORY_H 1
| #define HAVE_STRINGS_H 1
| #define HAVE_INTTYPES_H 1
| #define HAVE_STDINT_H 1
| #define HAVE_UNISTD_H 1
| /* end confdefs.h.  */
| #include <minix/config.h>
configure:6913: result: no
configure:6913: checking for minix/config.h
configure:6913: result: no
configure:6934: checking whether it is safe to define __EXTENSIONS__
configure:6952: arm-linux-androideabi-g++ -c -march=armv7-a -O2 -DNDEBUG -fopenmp -pipe  conftest.cpp >&5
configure:6952: $? = 0
configure:6959: result: yes
configure:6984: checking for arm-linux-androideabi-ar
configure:7011: result: arm-linux-androideabi-ar
configure:7081: checking the archiver (arm-linux-androideabi-ar) interface
configure:7097: arm-linux-androideabi-gcc -c -march=armv7-a -O2 -DNDEBUG -fopenmp -pipe  conftest.c >&5
configure:7097: $? = 0
configure:7099: arm-linux-androideabi-ar cru libconftest.a conftest.o >&5
configure:7102: $? = 0
configure:7130: result: ar
configure:7168: checking for arm-linux-androideabi-gcc
configure:7184: found /home/liutao/ndk_toolchain/arm-linux-androideabi/bin/arm-linux-androideabi-gcc
configure:7195: result: arm-linux-androideabi-gcc
configure:7264: checking for Objective C compiler version
configure:7273: arm-linux-androideabi-gcc --version >&5
Android (4751641 based on r328903) clang version 7.0.2 (https://android.googlesource.com/toolchain/clang 003100370607242ddd5815e4a043907ea9004281) (https://android.googlesource.com/toolchain/llvm 1d739ffb0366421d383e04ff80ec2ee591315116) (based on LLVM 7.0.2svn)
Target: armv7a-none-linux-android16
Thread model: posix
InstalledDir: /home/liutao/ndk_toolchain/arm-linux-androideabi/bin
configure:7284: $? = 0
configure:7273: arm-linux-androideabi-gcc -v >&5
Android (4751641 based on r328903) clang version 7.0.2 (https://android.googlesource.com/toolchain/clang 003100370607242ddd5815e4a043907ea9004281) (https://android.googlesource.com/toolchain/llvm 1d739ffb0366421d383e04ff80ec2ee591315116) (based on LLVM 7.0.2svn)
Target: armv7a-none-linux-android16
Thread model: posix
InstalledDir: /home/liutao/ndk_toolchain/arm-linux-androideabi/bin
Found candidate GCC installation: /home/liutao/ndk_toolchain/arm-linux-androideabi/bin/../lib/gcc/arm-linux-androideabi/4.9.x
Selected GCC installation: /home/liutao/ndk_toolchain/arm-linux-androideabi/bin/../lib/gcc/arm-linux-androideabi/4.9.x
Candidate multilib: thumb;@mthumb
Candidate multilib: armv7-a;@march=armv7-a
Candidate multilib: armv7-a/thumb;@march=armv7-a@mthumb
Candidate multilib: .;
... rest of stderr output deleted ...
configure:7284: $? = 0
configure:7273: arm-linux-androideabi-gcc -V >&5
clang70: error: argument to '-V' is missing (expected 1 value)
clang70: error: no input files
configure:7284: $? = 1
configure:7273: arm-linux-androideabi-gcc -qversion >&5
clang70: error: unknown argument '-qversion', did you mean '--version'?
clang70: error: no input files
configure:7284: $? = 1
configure:7288: checking whether we are using the GNU Objective C compiler
configure:7307: arm-linux-androideabi-gcc -c   conftest.m >&5
configure:7307: $? = 0
configure:7316: result: yes
configure:7325: checking whether arm-linux-androideabi-gcc accepts -g
configure:7345: arm-linux-androideabi-gcc -c -g  conftest.m >&5
configure:7345: $? = 0
configure:7386: result: yes
configure:7411: checking dependency style of arm-linux-androideabi-gcc
configure:7520: result: gcc3
configure:7537: checking C++ compiler flags...
configure:7558: result: use user-supplied: -march=armv7-a -O2 -DNDEBUG -fopenmp -pipe
configure:7573: checking whether __SUNPRO_CC is declared
configure:7573: arm-linux-androideabi-g++ -c -march=armv7-a -O2 -DNDEBUG -fopenmp -pipe  conftest.cpp >&5
conftest.cpp:64:10: error: use of undeclared identifier '__SUNPRO_CC'
  (void) __SUNPRO_CC;
         ^
1 error generated.
configure:7573: $? = 1
configure: failed program was:
| /* confdefs.h */
| #define PACKAGE_NAME "Protocol Buffers"
| #define PACKAGE_TARNAME "protobuf"
| #define PACKAGE_VERSION "3.6.1"
| #define PACKAGE_STRING "Protocol Buffers 3.6.1"
| #define PACKAGE_BUGREPORT "protobuf@googlegroups.com"
| #define PACKAGE_URL ""
| #define PACKAGE "protobuf"
| #define VERSION "3.6.1"
| #define STDC_HEADERS 1
| #define HAVE_SYS_TYPES_H 1
| #define HAVE_SYS_STAT_H 1
| #define HAVE_STDLIB_H 1
| #define HAVE_STRING_H 1
| #define HAVE_MEMORY_H 1
| #define HAVE_STRINGS_H 1
| #define HAVE_INTTYPES_H 1
| #define HAVE_STDINT_H 1
| #define HAVE_UNISTD_H 1
| #define __EXTENSIONS__ 1
| #define _ALL_SOURCE 1
| #define _GNU_SOURCE 1
| #define _POSIX_PTHREAD_SEMANTICS 1
| #define _TANDEM_SOURCE 1
| /* end confdefs.h.  */
| #include <stdio.h>
| #ifdef HAVE_SYS_TYPES_H
| # include <sys/types.h>
| #endif
| #ifdef HAVE_SYS_STAT_H
| # include <sys/stat.h>
| #endif
| #ifdef STDC_HEADERS
| # include <stdlib.h>
| # include <stddef.h>
| #else
| # ifdef HAVE_STDLIB_H
| #  include <stdlib.h>
| # endif
| #endif
| #ifdef HAVE_STRING_H
| # if !defined STDC_HEADERS && defined HAVE_MEMORY_H
| #  include <memory.h>
| # endif
| # include <string.h>
| #endif
| #ifdef HAVE_STRINGS_H
| # include <strings.h>
| #endif
| #ifdef HAVE_INTTYPES_H
| # include <inttypes.h>
| #endif
| #ifdef HAVE_STDINT_H
| # include <stdint.h>
| #endif
| #ifdef HAVE_UNISTD_H
| # include <unistd.h>
| #endif
| int
| main ()
| {
| #ifndef __SUNPRO_CC
| #ifdef __cplusplus
|   (void) __SUNPRO_CC;
| #else
|   (void) __SUNPRO_CC;
| #endif
| #endif
| 
|   ;
|   return 0;
| }
configure:7573: result: no
configure:7737: checking how to print strings
configure:7764: result: printf
configure:7785: checking for a sed that does not truncate output
configure:7849: result: /bin/sed
configure:7867: checking for fgrep
configure:7929: result: /bin/grep -F
configure:7964: checking for ld used by arm-linux-androideabi-gcc
configure:8031: result: arm-linux-androideabi-ld
configure:8038: checking if the linker (arm-linux-androideabi-ld) is GNU ld
configure:8053: result: yes
configure:8065: checking for BSD- or MS-compatible name lister (nm)
configure:8119: result: arm-linux-androideabi-nm
configure:8249: checking the name lister (arm-linux-androideabi-nm) interface
configure:8256: arm-linux-androideabi-g++ -c -march=armv7-a -O2 -DNDEBUG -fopenmp -pipe  conftest.cpp >&5
configure:8259: arm-linux-androideabi-nm "conftest.o"
configure:8262: output
00000000 B some_variable
configure:8269: result: BSD nm
configure:8272: checking whether ln -s works
configure:8276: result: yes
configure:8284: checking the maximum length of command line arguments
configure:8415: result: 1572864
configure:8463: checking how to convert i386-pc-linux-gnu file names to arm-unknown-linux-androideabi format
configure:8503: result: func_convert_file_noop
configure:8510: checking how to convert i386-pc-linux-gnu file names to toolchain format
configure:8530: result: func_convert_file_noop
configure:8537: checking for arm-linux-androideabi-ld option to reload object files
configure:8544: result: -r
configure:8578: checking for arm-linux-androideabi-objdump
configure:8605: result: arm-linux-androideabi-objdump
configure:8677: checking how to recognize dependent libraries
configure:8877: result: pass_all
configure:8922: checking for arm-linux-androideabi-dlltool
configure:8952: result: no
configure:8962: checking for dlltool
configure:8992: result: no
configure:9022: checking how to associate runtime and link libraries
configure:9049: result: printf %s\n
configure:9065: checking for arm-linux-androideabi-ar
configure:9092: result: arm-linux-androideabi-ar
configure:9173: checking for archiver @FILE support
configure:9190: arm-linux-androideabi-g++ -c -march=armv7-a -O2 -DNDEBUG -fopenmp -pipe  conftest.cpp >&5
configure:9190: $? = 0
configure:9193: arm-linux-androideabi-ar cru libconftest.a @conftest.lst >&5
configure:9196: $? = 0
configure:9201: arm-linux-androideabi-ar cru libconftest.a @conftest.lst >&5
arm-linux-androideabi-ar: conftest.o: No such file or directory
configure:9204: $? = 1
configure:9216: result: @
configure:9234: checking for arm-linux-androideabi-strip
configure:9261: result: arm-linux-androideabi-strip
configure:9333: checking for arm-linux-androideabi-ranlib
configure:9360: result: arm-linux-androideabi-strip
configure:9502: checking command to parse arm-linux-androideabi-nm output from arm-linux-androideabi-gcc object
configure:9655: arm-linux-androideabi-g++ -c -march=armv7-a -O2 -DNDEBUG -fopenmp -pipe  conftest.cpp >&5
configure:9658: $? = 0
configure:9662: arm-linux-androideabi-nm conftest.o \| sed -n -e 's/^.*[ ]\([ABCDGIRSTW][ABCDGIRSTW]*\)[ ][ ]*\([_A-Za-z][_A-Za-z0-9]*\)$/\1 \2 \2/p' | sed '/ __gnu_lto/d' \> conftest.nm
configure:9665: $? = 0
configure:9731: arm-linux-androideabi-g++ -o conftest -march=armv7-a -O2 -DNDEBUG -fopenmp -pipe   conftest.cpp conftstm.o >&5
configure:9734: $? = 0
configure:9772: result: ok
configure:9819: checking for sysroot
configure:9849: result: /home/liutao/ndk_toolchain/arm-linux-androideabi/sysroot
configure:9856: checking for a working dd
configure:9894: result: /bin/dd
configure:9898: checking how to truncate binary pipes
configure:9913: result: /bin/dd bs=4096 count=1
configure:10202: checking for arm-linux-androideabi-mt
configure:10232: result: no
configure:10242: checking for mt
configure:10258: found /bin/mt
configure:10269: result: mt
configure:10281: WARNING: using cross tools not prefixed with host triplet
configure:10292: checking if mt is a manifest tool
configure:10298: mt '-?'
configure:10306: result: no
configure:10980: checking for dlfcn.h
configure:10980: arm-linux-androideabi-g++ -c -march=armv7-a -O2 -DNDEBUG -fopenmp -pipe  conftest.cpp >&5
configure:10980: $? = 0
configure:10980: result: yes
configure:11246: checking for objdir
configure:11261: result: .libs
configure:11525: checking if arm-linux-androideabi-gcc supports -fno-rtti -fno-exceptions
configure:11543: arm-linux-androideabi-gcc -c -march=armv7-a -O2 -DNDEBUG -fopenmp -pipe  -fno-rtti -fno-exceptions conftest.c >&5
configure:11547: $? = 0
configure:11560: result: yes
configure:11918: checking for arm-linux-androideabi-gcc option to produce PIC
configure:11925: result: -fPIC -DPIC
configure:11933: checking if arm-linux-androideabi-gcc PIC flag -fPIC -DPIC works
configure:11951: arm-linux-androideabi-gcc -c -march=armv7-a -O2 -DNDEBUG -fopenmp -pipe  -fPIC -DPIC -DPIC conftest.c >&5
configure:11955: $? = 0
configure:11968: result: yes
configure:11997: checking if arm-linux-androideabi-gcc static flag -static works
configure:12025: result: no
configure:12040: checking if arm-linux-androideabi-gcc supports -c -o file.o
configure:12061: arm-linux-androideabi-gcc -c -march=armv7-a -O2 -DNDEBUG -fopenmp -pipe  -o out/conftest2.o conftest.c >&5
configure:12065: $? = 0
configure:12087: result: yes
configure:12095: checking if arm-linux-androideabi-gcc supports -c -o file.o
configure:12142: result: yes
configure:12175: checking whether the arm-linux-androideabi-gcc linker (arm-linux-androideabi-ld) supports shared libraries
configure:13438: result: yes
configure:13475: checking whether -lc should be explicitly linked in
configure:13483: arm-linux-androideabi-gcc -c -march=armv7-a -O2 -DNDEBUG -fopenmp -pipe  conftest.c >&5
configure:13486: $? = 0
configure:13501: arm-linux-androideabi-gcc -shared  -fPIC -DPIC conftest.o  -v -Wl,-soname -Wl,conftest -o conftest 2\>\&1 \| /bin/grep  -lc  \>/dev/null 2\>\&1
configure:13504: $? = 0
configure:13518: result: no
configure:13678: checking dynamic linker characteristics
configure:14508: result: Android linker
configure:14630: checking how to hardcode library paths into programs
configure:14655: result: immediate
configure:15203: checking whether stripping libraries is possible
configure:15208: result: yes
configure:15243: checking if libtool supports shared libraries
configure:15245: result: yes
configure:15248: checking whether to build shared libraries
configure:15273: result: yes
configure:15276: checking whether to build static libraries
configure:15280: result: yes
configure:15303: checking how to run the C++ preprocessor
configure:15369: result: arm-linux-androideabi-g++ -E
configure:15389: arm-linux-androideabi-g++ -E  conftest.cpp
configure:15389: $? = 0
configure:15403: arm-linux-androideabi-g++ -E  conftest.cpp
conftest.cpp:28:10: fatal error: 'ac_nonexistent.h' file not found
#include <ac_nonexistent.h>
         ^~~~~~~~~~~~~~~~~~
1 error generated.
configure:15403: $? = 1
configure: failed program was:
| /* confdefs.h */
| #define PACKAGE_NAME "Protocol Buffers"
| #define PACKAGE_TARNAME "protobuf"
| #define PACKAGE_VERSION "3.6.1"
| #define PACKAGE_STRING "Protocol Buffers 3.6.1"
| #define PACKAGE_BUGREPORT "protobuf@googlegroups.com"
| #define PACKAGE_URL ""
| #define PACKAGE "protobuf"
| #define VERSION "3.6.1"
| #define STDC_HEADERS 1
| #define HAVE_SYS_TYPES_H 1
| #define HAVE_SYS_STAT_H 1
| #define HAVE_STDLIB_H 1
| #define HAVE_STRING_H 1
| #define HAVE_MEMORY_H 1
| #define HAVE_STRINGS_H 1
| #define HAVE_INTTYPES_H 1
| #define HAVE_STDINT_H 1
| #define HAVE_UNISTD_H 1
| #define __EXTENSIONS__ 1
| #define _ALL_SOURCE 1
| #define _GNU_SOURCE 1
| #define _POSIX_PTHREAD_SEMANTICS 1
| #define _TANDEM_SOURCE 1
| #define HAVE_DLFCN_H 1
| #define LT_OBJDIR ".libs/"
| /* end confdefs.h.  */
| #include <ac_nonexistent.h>
configure:15565: checking for ld used by arm-linux-androideabi-g++
configure:15632: result: arm-linux-androideabi-ld
configure:15639: checking if the linker (arm-linux-androideabi-ld) is GNU ld
configure:15654: result: yes
configure:15709: checking whether the arm-linux-androideabi-g++ linker (arm-linux-androideabi-ld) supports shared libraries
configure:16782: result: yes
configure:16818: arm-linux-androideabi-g++ -c -march=armv7-a -O2 -DNDEBUG -fopenmp -pipe  conftest.cpp >&5
configure:16821: $? = 0
configure:17302: checking for arm-linux-androideabi-g++ option to produce PIC
configure:17309: result: -fPIC -DPIC
configure:17317: checking if arm-linux-androideabi-g++ PIC flag -fPIC -DPIC works
configure:17335: arm-linux-androideabi-g++ -c -march=armv7-a -O2 -DNDEBUG -fopenmp -pipe  -fPIC -DPIC -DPIC conftest.cpp >&5
configure:17339: $? = 0
configure:17352: result: yes
configure:17375: checking if arm-linux-androideabi-g++ static flag -static works
configure:17403: result: no
configure:17415: checking if arm-linux-androideabi-g++ supports -c -o file.o
configure:17436: arm-linux-androideabi-g++ -c -march=armv7-a -O2 -DNDEBUG -fopenmp -pipe  -o out/conftest2.o conftest.cpp >&5
configure:17440: $? = 0
configure:17462: result: yes
configure:17467: checking if arm-linux-androideabi-g++ supports -c -o file.o
configure:17514: result: yes
configure:17544: checking whether the arm-linux-androideabi-g++ linker (arm-linux-androideabi-ld) supports shared libraries
configure:17587: result: yes
configure:17728: checking dynamic linker characteristics
configure:18485: result: Android linker
configure:18550: checking how to hardcode library paths into programs
configure:18575: result: immediate
configure:18638: checking whether the linker supports version scripts
configure:18654: arm-linux-androideabi-g++ -o conftest -march=armv7-a -O2 -DNDEBUG -fopenmp -pipe   -Wl,--version-script=conftest.map conftest.cpp -llog >&5
configure:18654: $? = 0
configure:18655: result: yes
configure:18674: checking for ANSI C header files
configure:18778: result: yes
configure:18789: checking fcntl.h usability
configure:18789: arm-linux-androideabi-g++ -c -march=armv7-a -O2 -DNDEBUG -fopenmp -pipe  conftest.cpp >&5
configure:18789: $? = 0
configure:18789: result: yes
configure:18789: checking fcntl.h presence
configure:18789: arm-linux-androideabi-g++ -E  conftest.cpp
configure:18789: $? = 0
configure:18789: result: yes
configure:18789: checking for fcntl.h
configure:18789: result: yes
configure:18789: checking for inttypes.h
configure:18789: result: yes
configure:18789: checking limits.h usability
configure:18789: arm-linux-androideabi-g++ -c -march=armv7-a -O2 -DNDEBUG -fopenmp -pipe  conftest.cpp >&5
configure:18789: $? = 0
configure:18789: result: yes
configure:18789: checking limits.h presence
configure:18789: arm-linux-androideabi-g++ -E  conftest.cpp
configure:18789: $? = 0
configure:18789: result: yes
configure:18789: checking for limits.h
configure:18789: result: yes
configure:18789: checking for stdlib.h
configure:18789: result: yes
configure:18789: checking for unistd.h
configure:18789: result: yes
configure:18801: checking for working memcmp
configure:18854: result: no
configure:18863: checking for working strtod
configure:18914: result: no
configure:18923: checking for pow
configure:18923: arm-linux-androideabi-g++ -o conftest -march=armv7-a -O2 -DNDEBUG -fopenmp -pipe   conftest.cpp -llog >&5
configure:18923: $? = 0
configure:18923: result: yes
configure:18979: checking for ftruncate
configure:18979: arm-linux-androideabi-g++ -o conftest -march=armv7-a -O2 -DNDEBUG -fopenmp -pipe   conftest.cpp -llog >&5
configure:18979: $? = 0
configure:18979: result: yes
configure:18979: checking for memset
configure:18979: arm-linux-androideabi-g++ -o conftest -march=armv7-a -O2 -DNDEBUG -fopenmp -pipe   conftest.cpp -llog >&5
configure:18979: $? = 0
configure:18979: result: yes
configure:18979: checking for mkdir
configure:18979: arm-linux-androideabi-g++ -o conftest -march=armv7-a -O2 -DNDEBUG -fopenmp -pipe   conftest.cpp -llog >&5
configure:18979: $? = 0
configure:18979: result: yes
configure:18979: checking for strchr
configure:18979: arm-linux-androideabi-g++ -o conftest -march=armv7-a -O2 -DNDEBUG -fopenmp -pipe   conftest.cpp -llog >&5
configure:18979: $? = 0
configure:18979: result: yes
configure:18979: checking for strerror
configure:18979: arm-linux-androideabi-g++ -o conftest -march=armv7-a -O2 -DNDEBUG -fopenmp -pipe   conftest.cpp -llog >&5
configure:18979: $? = 0
configure:18979: result: yes
configure:18979: checking for strtol
configure:18979: arm-linux-androideabi-g++ -o conftest -march=armv7-a -O2 -DNDEBUG -fopenmp -pipe   conftest.cpp -llog >&5
configure:18979: $? = 0
configure:18979: result: yes
configure:18993: checking zlib version
configure:19013: arm-linux-androideabi-g++ -c -march=armv7-a -O2 -DNDEBUG -fopenmp -pipe  conftest.cpp >&5
configure:19013: $? = 0
configure:19015: result: ok (1.2.0.4 or later)
configure:19019: checking for library containing zlibVersion
configure:19050: arm-linux-androideabi-g++ -o conftest -march=armv7-a -O2 -DNDEBUG -fopenmp -pipe   conftest.cpp -llog >&5
/tmp/conftest-995b97.o:conftest.cpp:function main: error: undefined reference to 'zlibVersion'
clang70++: error: linker command failed with exit code 1 (use -v to see invocation)
configure:19050: $? = 1
configure: failed program was:
| /* confdefs.h */
| #define PACKAGE_NAME "Protocol Buffers"
| #define PACKAGE_TARNAME "protobuf"
| #define PACKAGE_VERSION "3.6.1"
| #define PACKAGE_STRING "Protocol Buffers 3.6.1"
| #define PACKAGE_BUGREPORT "protobuf@googlegroups.com"
| #define PACKAGE_URL ""
| #define PACKAGE "protobuf"
| #define VERSION "3.6.1"
| #define STDC_HEADERS 1
| #define HAVE_SYS_TYPES_H 1
| #define HAVE_SYS_STAT_H 1
| #define HAVE_STDLIB_H 1
| #define HAVE_STRING_H 1
| #define HAVE_MEMORY_H 1
| #define HAVE_STRINGS_H 1
| #define HAVE_INTTYPES_H 1
| #define HAVE_STDINT_H 1
| #define HAVE_UNISTD_H 1
| #define __EXTENSIONS__ 1
| #define _ALL_SOURCE 1
| #define _GNU_SOURCE 1
| #define _POSIX_PTHREAD_SEMANTICS 1
| #define _TANDEM_SOURCE 1
| #define HAVE_DLFCN_H 1
| #define LT_OBJDIR ".libs/"
| #define STDC_HEADERS 1
| #define HAVE_FCNTL_H 1
| #define HAVE_INTTYPES_H 1
| #define HAVE_LIMITS_H 1
| #define HAVE_STDLIB_H 1
| #define HAVE_UNISTD_H 1
| #define HAVE_FTRUNCATE 1
| #define HAVE_MEMSET 1
| #define HAVE_MKDIR 1
| #define HAVE_STRCHR 1
| #define HAVE_STRERROR 1
| #define HAVE_STRTOL 1
| /* end confdefs.h.  */
| 
| /* Override any GCC internal prototype to avoid an error.
|    Use char because int might match the return type of a GCC
|    builtin and then its argument prototype would still apply.  */
| #ifdef __cplusplus
| extern "C"
| #endif
| char zlibVersion ();
| int
| main ()
| {
| return zlibVersion ();
|   ;
|   return 0;
| }
configure:19050: arm-linux-androideabi-g++ -o conftest -march=armv7-a -O2 -DNDEBUG -fopenmp -pipe   conftest.cpp -lz  -llog >&5
configure:19050: $? = 0
configure:19067: result: -lz
configure:19337: checking whether arm-linux-androideabi-gcc is Clang
configure:19362: result: yes
configure:19409: checking whether Clang needs flag to prevent "argument unused" warning when linking with -pthread
configure:19434: arm-linux-androideabi-gcc -o conftest -Werror -Wunknown-warning-option  -pthread -march=armv7-a -O2 -DNDEBUG -fopenmp -pipe   conftest.c -lz -llog >&5
configure:19434: $? = 0
configure:19440: (arm-linux-androideabi-gcc -c -Werror -Wunknown-warning-option  -pthread -march=armv7-a -O2 -DNDEBUG -fopenmp -pipe  conftest.c >&5) && (echo ==== >&5) && (arm-linux-androideabi-gcc -o conftest -Werror -Wunknown-warning-option  -pthread -march=armv7-a -O2 -DNDEBUG -fopenmp -pipe   conftest.o -lz -llog >&5)
====
configure:19440: $? = 0
configure:19458: result: no
configure:19607: checking for joinable pthread attribute
configure:19625: arm-linux-androideabi-gcc -o conftest -march=armv7-a -O2 -DNDEBUG -fopenmp -pipe -pthread   conftest.c  -lz -llog >&5
configure:19625: $? = 0
configure:19633: result: PTHREAD_CREATE_JOINABLE
configure:19647: checking whether more special flags are required for pthreads
configure:19660: result: no
configure:19668: checking for PTHREAD_PRIO_INHERIT
configure:19684: arm-linux-androideabi-gcc -o conftest -march=armv7-a -O2 -DNDEBUG -fopenmp -pipe -pthread   conftest.c  -lz -llog >&5
configure:19684: $? = 0
configure:19693: result: yes
configure:19805: checking the location of hash_map
configure:19831: arm-linux-androideabi-g++ -c -march=armv7-a -O2 -DNDEBUG -fopenmp -pipe  conftest.cpp >&5
configure:19831: $? = 0
configure:19853: arm-linux-androideabi-g++ -c -march=armv7-a -O2 -DNDEBUG -fopenmp -pipe  conftest.cpp >&5
configure:19853: $? = 0
configure:19920: result: <unordered_map>
configure:19935: checking for library containing sched_yield
configure:19966: arm-linux-androideabi-g++ -o conftest -march=armv7-a -O2 -DNDEBUG -fopenmp -pipe   conftest.cpp -lz -llog >&5
configure:19966: $? = 0
configure:19983: result: none required
configure:20022: checking whether arm-linux-androideabi-g++ supports C++11 features by default
configure:20335: arm-linux-androideabi-g++ -c -march=armv7-a -O2 -DNDEBUG -fopenmp -pipe  conftest.cpp >&5
configure:20335: $? = 0
configure:20342: result: yes
configure:20796: updating cache arm-linux-androideabi.cache
configure:20844: checking that generated files are newer than configure
configure:20850: result: done
configure:20913: creating ./config.status

## ---------------------- ##
## Running config.status. ##
## ---------------------- ##

This file was extended by Protocol Buffers config.status 3.6.1, which was
generated by GNU Autoconf 2.69.  Invocation command line was

  CONFIG_FILES    = 
  CONFIG_HEADERS  = 
  CONFIG_LINKS    = 
  CONFIG_COMMANDS = 
  $ ./config.status 

on liutao-MS-7B33

config.status:1229: creating Makefile
config.status:1229: creating src/Makefile
config.status:1229: creating benchmarks/Makefile
config.status:1229: creating conformance/Makefile
config.status:1229: creating protobuf.pc
config.status:1229: creating protobuf-lite.pc
config.status:1229: creating config.h
config.status:1443: executing depfiles commands
config.status:1443: executing libtool commands
configure:23391: === configuring in third_party/googletest (/home/liutao/test/protobuf-3.6.1/build/third_party/googletest)
configure:23454: running /bin/bash ../../../third_party/googletest/configure --disable-option-checking '--prefix=/home/liutao/install/protobuf-for-arm'  '--build=i386-pc-linux-gnu' '--host=arm-linux-androideabi' '--target=arm-linux-androideabi' '--with-sysroot=/home/liutao/ndk_toolchain/arm-linux-androideabi/sysroot' '--with-protoc=/home/liutao/test/protobuf-3.6.1/protoc' 'CFLAGS=-march=armv7-a -O2 -DNDEBUG -fopenmp -pipe' 'CXXFLAGS=-march=armv7-a -O2 -DNDEBUG -fopenmp -pipe' 'build_alias=i386-pc-linux-gnu' 'host_alias=arm-linux-androideabi' 'target_alias=arm-linux-androideabi' 'CC=arm-linux-androideabi-gcc' 'LIBS=-llog' 'CXX=arm-linux-androideabi-g++' --cache-file=../../arm-linux-androideabi.cache --srcdir=../../../third_party/googletest

## ---------------- ##
## Cache variables. ##
## ---------------- ##

ac_cv_build=i386-pc-linux-gnu
ac_cv_build_prog_CPP='gcc -E'
ac_cv_build_prog_CXXCPP='g++ -E'
ac_cv_build_prog_cc_g=yes
ac_cv_build_prog_cxx_g=yes
ac_cv_c_compiler_gnu=yes
ac_cv_cxx_compiler_gnu=yes
ac_cv_cxx_hash_map='<unordered_map>'
ac_cv_cxx_hash_map_class=unordered_map
ac_cv_cxx_hash_namespace=std
ac_cv_cxx_hash_set='<unordered_set>'
ac_cv_cxx_hash_set_class=unordered_set
ac_cv_env_CCC_set=
ac_cv_env_CCC_value=
ac_cv_env_CC_set=set
ac_cv_env_CC_value=arm-linux-androideabi-gcc
ac_cv_env_CFLAGS_set=set
ac_cv_env_CFLAGS_value='-march=armv7-a -O2 -DNDEBUG -fopenmp -pipe'
ac_cv_env_CPPFLAGS_set=
ac_cv_env_CPPFLAGS_value=
ac_cv_env_CPP_set=
ac_cv_env_CPP_value=
ac_cv_env_CXXCPP_set=
ac_cv_env_CXXCPP_value=
ac_cv_env_CXXFLAGS_set=set
ac_cv_env_CXXFLAGS_value='-march=armv7-a -O2 -DNDEBUG -fopenmp -pipe'
ac_cv_env_CXX_set=set
ac_cv_env_CXX_value=arm-linux-androideabi-g++
ac_cv_env_DIST_LANG_set=
ac_cv_env_DIST_LANG_value=
ac_cv_env_LDFLAGS_set=
ac_cv_env_LDFLAGS_value=
ac_cv_env_LIBS_set=set
ac_cv_env_LIBS_value=-llog
ac_cv_env_LT_SYS_LIBRARY_PATH_set=
ac_cv_env_LT_SYS_LIBRARY_PATH_value=
ac_cv_env_OBJCFLAGS_set=
ac_cv_env_OBJCFLAGS_value=
ac_cv_env_OBJC_set=
ac_cv_env_OBJC_value=
ac_cv_env_build_alias_set=set
ac_cv_env_build_alias_value=i386-pc-linux-gnu
ac_cv_env_host_alias_set=set
ac_cv_env_host_alias_value=arm-linux-androideabi
ac_cv_env_target_alias_set=set
ac_cv_env_target_alias_value=arm-linux-androideabi
ac_cv_func_ftruncate=yes
ac_cv_func_memcmp_working=no
ac_cv_func_memset=yes
ac_cv_func_mkdir=yes
ac_cv_func_pow=yes
ac_cv_func_strchr=yes
ac_cv_func_strerror=yes
ac_cv_func_strtod=no
ac_cv_func_strtol=yes
ac_cv_have_decl___SUNPRO_CC=no
ac_cv_header_dlfcn_h=yes
ac_cv_header_fcntl_h=yes
ac_cv_header_inttypes_h=yes
ac_cv_header_limits_h=yes
ac_cv_header_memory_h=yes
ac_cv_header_minix_config_h=no
ac_cv_header_stdc=yes
ac_cv_header_stdint_h=yes
ac_cv_header_stdlib_h=yes
ac_cv_header_string_h=yes
ac_cv_header_strings_h=yes
ac_cv_header_sys_stat_h=yes
ac_cv_header_sys_types_h=yes
ac_cv_header_unistd_h=yes
ac_cv_host=arm-unknown-linux-androideabi
ac_cv_objc_compiler_gnu=yes
ac_cv_objext=o
ac_cv_path_EGREP='/bin/grep -E'
ac_cv_path_FGREP='/bin/grep -F'
ac_cv_path_GREP=/bin/grep
ac_cv_path_SED=/bin/sed
ac_cv_path_install='/usr/bin/install -c'
ac_cv_path_lt_DD=/bin/dd
ac_cv_path_mkdir=/bin/mkdir
ac_cv_prog_AR=arm-linux-androideabi-ar
ac_cv_prog_AWK=mawk
ac_cv_prog_CC=arm-linux-androideabi-gcc
ac_cv_prog_CPP='arm-linux-androideabi-gcc -E'
ac_cv_prog_CXXCPP='arm-linux-androideabi-g++ -E'
ac_cv_prog_OBJC=arm-linux-androideabi-gcc
ac_cv_prog_OBJDUMP=arm-linux-androideabi-objdump
ac_cv_prog_RANLIB=arm-linux-androideabi-strip
ac_cv_prog_STRIP=arm-linux-androideabi-strip
ac_cv_prog_ac_ct_CC_FOR_BUILD=gcc
ac_cv_prog_ac_ct_CXX_FOR_BUILD=g++
ac_cv_prog_ac_ct_MANIFEST_TOOL=mt
ac_cv_prog_cc_c89=
ac_cv_prog_cc_g=yes
ac_cv_prog_cxx_g=yes
ac_cv_prog_make_make_set=yes
ac_cv_prog_objc_g=yes
ac_cv_safe_to_define___extensions__=yes
ac_cv_search_sched_yield='none required'
ac_cv_search_zlibVersion=-lz
ac_cv_target=arm-unknown-linux-androideabi
am_cv_CC_dependencies_compiler_type=gcc3
am_cv_CXX_dependencies_compiler_type=gcc3
am_cv_OBJC_dependencies_compiler_type=gcc3
am_cv_ar_interface=ar
am_cv_make_support_nested_variables=yes
am_cv_prog_cc_c_o=yes
am_cv_prog_tar_ustar=gnutar
ax_cv_PTHREAD_CLANG=yes
ax_cv_PTHREAD_CLANG_NO_WARN_FLAG=no
ax_cv_PTHREAD_JOINABLE_ATTR=PTHREAD_CREATE_JOINABLE
ax_cv_PTHREAD_PRIO_INHERIT=yes
ax_cv_PTHREAD_SPECIAL_FLAGS=no
ax_cv_cxx_compile_cxx11=yes
lt_cv_ar_at_file=@
lt_cv_archive_cmds_need_lc=no
lt_cv_deplibs_check_method=pass_all
lt_cv_file_magic_cmd='$MAGIC_CMD'
lt_cv_file_magic_test_file=
lt_cv_ld_reload_flag=-r
lt_cv_nm_interface='BSD nm'
lt_cv_objdir=.libs
lt_cv_path_LD=arm-linux-androideabi-ld
lt_cv_path_LDCXX=arm-linux-androideabi-ld
lt_cv_path_NM=arm-linux-androideabi-nm
lt_cv_path_mainfest_tool=no
lt_cv_prog_compiler_c_o=yes
lt_cv_prog_compiler_c_o_CXX=yes
lt_cv_prog_compiler_pic='-fPIC -DPIC'
lt_cv_prog_compiler_pic_CXX='-fPIC -DPIC'
lt_cv_prog_compiler_pic_works=yes
lt_cv_prog_compiler_pic_works_CXX=yes
lt_cv_prog_compiler_rtti_exceptions=yes
lt_cv_prog_compiler_static_works=no
lt_cv_prog_compiler_static_works_CXX=no
lt_cv_prog_gnu_ld=yes
lt_cv_prog_gnu_ldcxx=yes
lt_cv_sharedlib_from_linklib_cmd='printf %s\n'
lt_cv_sys_global_symbol_pipe='sed -n -e '\''s/^.*[	 ]\([ABCDGIRSTW][ABCDGIRSTW]*\)[	 ][	 ]*\([_A-Za-z][_A-Za-z0-9]*\)$/\1 \2 \2/p'\'' | sed '\''/ __gnu_lto/d'\'''
lt_cv_sys_global_symbol_to_c_name_address='sed -n -e '\''s/^: \(.*\) .*$/  {"\1", (void *) 0},/p'\'' -e '\''s/^[ABCDGIRSTW][ABCDGIRSTW]* .* \(.*\)$/  {"\1", (void *) \&\1},/p'\'''
lt_cv_sys_global_symbol_to_c_name_address_lib_prefix='sed -n -e '\''s/^: \(.*\) .*$/  {"\1", (void *) 0},/p'\'' -e '\''s/^[ABCDGIRSTW][ABCDGIRSTW]* .* \(lib.*\)$/  {"\1", (void *) \&\1},/p'\'' -e '\''s/^[ABCDGIRSTW][ABCDGIRSTW]* .* \(.*\)$/  {"lib\1", (void *) \&\1},/p'\'''
lt_cv_sys_global_symbol_to_cdecl='sed -n -e '\''s/^T .* \(.*\)$/extern int \1();/p'\'' -e '\''s/^[ABCDGIRSTW][ABCDGIRSTW]* .* \(.*\)$/extern char \1;/p'\'''
lt_cv_sys_global_symbol_to_import=
lt_cv_sys_max_cmd_len=1572864
lt_cv_to_host_file_cmd=func_convert_file_noop
lt_cv_to_tool_file_cmd=func_convert_file_noop
lt_cv_truncate_bin='/bin/dd bs=4096 count=1'

## ----------------- ##
## Output variables. ##
## ----------------- ##

ACLOCAL='${SHELL} /home/liutao/test/protobuf-3.6.1/missing aclocal-1.15'
AMDEPBACKSLASH='\'
AMDEP_FALSE='#'
AMDEP_TRUE=''
AMTAR='$${TAR-tar}'
AM_BACKSLASH='\'
AM_DEFAULT_V='$(AM_DEFAULT_VERBOSITY)'
AM_DEFAULT_VERBOSITY='1'
AM_V='$(V)'
AR='arm-linux-androideabi-ar'
AUTOCONF='${SHELL} /home/liutao/test/protobuf-3.6.1/missing autoconf'
AUTOHEADER='${SHELL} /home/liutao/test/protobuf-3.6.1/missing autoheader'
AUTOMAKE='${SHELL} /home/liutao/test/protobuf-3.6.1/missing automake-1.15'
AWK='mawk'
BUILD_EXEEXT=''
BUILD_OBJEXT=''
CC='arm-linux-androideabi-gcc'
CCDEPMODE='depmode=gcc3'
CC_FOR_BUILD='gcc'
CFLAGS='-march=armv7-a -O2 -DNDEBUG -fopenmp -pipe'
CFLAGS_FOR_BUILD='-g -O2'
CPP='arm-linux-androideabi-gcc -E'
CPPFLAGS=''
CPPFLAGS_FOR_BUILD=''
CPP_FOR_BUILD='gcc -E'
CXX='arm-linux-androideabi-g++'
CXXCPP='arm-linux-androideabi-g++ -E'
CXXCPPFLAGS_FOR_BUILD=''
CXXCPP_FOR_BUILD='g++ -E'
CXXDEPMODE='depmode=gcc3'
CXXFLAGS='-march=armv7-a -O2 -DNDEBUG -fopenmp -pipe'
CXXFLAGS_FOR_BUILD='-g -O2'
CXX_FOR_BUILD='g++'
CYGPATH_W='echo'
DEFS='-DHAVE_CONFIG_H'
DEPDIR='.deps'
DIST_LANG='all'
DLLTOOL='false'
DSYMUTIL=''
DUMPBIN=''
ECHO_C=''
ECHO_N='-n'
ECHO_T=''
EGREP='/bin/grep -E'
EXEEXT=''
FGREP='/bin/grep -F'
GCC_FALSE='#'
GCC_TRUE=''
GREP='/bin/grep'
HAVE_CXX11='1'
HAVE_LD_VERSION_SCRIPT_FALSE='#'
HAVE_LD_VERSION_SCRIPT_TRUE=''
HAVE_PTHREAD_FALSE='#'
HAVE_PTHREAD_TRUE=''
HAVE_ZLIB_FALSE='#'
HAVE_ZLIB_TRUE=''
INSTALL_DATA='${INSTALL} -m 644'
INSTALL_PROGRAM='${INSTALL}'
INSTALL_SCRIPT='${INSTALL}'
INSTALL_STRIP_PROGRAM='$(install_sh) -c -s'
ISAINFO=''
LD='arm-linux-androideabi-ld'
LDFLAGS=''
LDFLAGS_FOR_BUILD=''
LIBOBJS=' ${LIBOBJDIR}memcmp$U.o ${LIBOBJDIR}strtod$U.o'
LIBS='-lz -llog'
LIBTOOL='$(SHELL) $(top_builddir)/libtool'
LIPO=''
LN_S='ln -s'
LTLIBOBJS=' ${LIBOBJDIR}memcmp$U.lo ${LIBOBJDIR}strtod$U.lo'
LT_SYS_LIBRARY_PATH=''
MAINT=''
MAINTAINER_MODE_FALSE='#'
MAINTAINER_MODE_TRUE=''
MAKEINFO='${SHELL} /home/liutao/test/protobuf-3.6.1/missing makeinfo'
MANIFEST_TOOL=':'
MKDIR_P='/bin/mkdir -p'
NM='arm-linux-androideabi-nm'
NMEDIT=''
OBJC='arm-linux-androideabi-gcc'
OBJCDEPMODE='depmode=gcc3'
OBJCFLAGS='-g -O2'
OBJC_CONFORMANCE_TEST_FALSE=''
OBJC_CONFORMANCE_TEST_TRUE='#'
OBJDUMP='arm-linux-androideabi-objdump'
OBJEXT='o'
OTOOL64=''
OTOOL=''
PACKAGE='protobuf'
PACKAGE_BUGREPORT='protobuf@googlegroups.com'
PACKAGE_NAME='Protocol Buffers'
PACKAGE_STRING='Protocol Buffers 3.6.1'
PACKAGE_TARNAME='protobuf'
PACKAGE_URL=''
PACKAGE_VERSION='3.6.1'
PATH_SEPARATOR=':'
POW_LIB=''
PROTOBUF_OPT_FLAG=''
PROTOC='/home/liutao/test/protobuf-3.6.1/protoc'
PTHREAD_CC='arm-linux-androideabi-gcc'
PTHREAD_CFLAGS='-pthread'
PTHREAD_LIBS=''
RANLIB='arm-linux-androideabi-strip'
SED='/bin/sed'
SET_MAKE=''
SHELL='/bin/bash'
STRIP='arm-linux-androideabi-strip'
USE_EXTERNAL_PROTOC_FALSE='#'
USE_EXTERNAL_PROTOC_TRUE=''
VERSION='3.6.1'
ac_ct_AR=''
ac_ct_CC=''
ac_ct_CC_FOR_BUILD='gcc'
ac_ct_CXX=''
ac_ct_CXX_FOR_BUILD='g++'
ac_ct_DUMPBIN=''
ac_ct_OBJC=''
am__EXEEXT_FALSE=''
am__EXEEXT_TRUE='#'
am__fastdepCC_FALSE='#'
am__fastdepCC_TRUE=''
am__fastdepCXX_FALSE='#'
am__fastdepCXX_TRUE=''
am__fastdepOBJC_FALSE='#'
am__fastdepOBJC_TRUE=''
am__include='include'
am__isrc=' -I$(srcdir)'
am__leading_dot='.'
am__nodep='_no'
am__quote=''
am__tar='tar --format=ustar -chf - "$$tardir"'
am__untar='tar -xf -'
ax_pthread_config=''
bindir='${exec_prefix}/bin'
build='i386-pc-linux-gnu'
build_alias='i386-pc-linux-gnu'
build_cpu='i386'
build_os='linux-gnu'
build_vendor='pc'
datadir='${datarootdir}'
datarootdir='${prefix}/share'
docdir='${datarootdir}/doc/${PACKAGE_TARNAME}'
dvidir='${docdir}'
exec_prefix='${prefix}'
host='arm-unknown-linux-androideabi'
host_alias='arm-linux-androideabi'
host_cpu='arm'
host_os='linux-androideabi'
host_vendor='unknown'
htmldir='${docdir}'
includedir='${prefix}/include'
infodir='${datarootdir}/info'
install_sh='${SHELL} /home/liutao/test/protobuf-3.6.1/install-sh'
libdir='${exec_prefix}/lib'
libexecdir='${exec_prefix}/libexec'
localedir='${datarootdir}/locale'
localstatedir='${prefix}/var'
mandir='${datarootdir}/man'
mkdir_p='$(MKDIR_P)'
oldincludedir='/usr/include'
pdfdir='${docdir}'
prefix='/home/liutao/install/protobuf-for-arm'
program_transform_name='s&^&arm-linux-androideabi-&'
psdir='${docdir}'
runstatedir='${localstatedir}/run'
sbindir='${exec_prefix}/sbin'
sharedstatedir='${prefix}/com'
subdirs=' third_party/googletest'
sysconfdir='${prefix}/etc'
target='arm-unknown-linux-androideabi'
target_alias='arm-linux-androideabi'
target_cpu='arm'
target_os='linux-androideabi'
target_vendor='unknown'

## ----------- ##
## confdefs.h. ##
## ----------- ##

/* confdefs.h */
#define PACKAGE_NAME "Protocol Buffers"
#define PACKAGE_TARNAME "protobuf"
#define PACKAGE_VERSION "3.6.1"
#define PACKAGE_STRING "Protocol Buffers 3.6.1"
#define PACKAGE_BUGREPORT "protobuf@googlegroups.com"
#define PACKAGE_URL ""
#define PACKAGE "protobuf"
#define VERSION "3.6.1"
#define STDC_HEADERS 1
#define HAVE_SYS_TYPES_H 1
#define HAVE_SYS_STAT_H 1
#define HAVE_STDLIB_H 1
#define HAVE_STRING_H 1
#define HAVE_MEMORY_H 1
#define HAVE_STRINGS_H 1
#define HAVE_INTTYPES_H 1
#define HAVE_STDINT_H 1
#define HAVE_UNISTD_H 1
#define __EXTENSIONS__ 1
#define _ALL_SOURCE 1
#define _GNU_SOURCE 1
#define _POSIX_PTHREAD_SEMANTICS 1
#define _TANDEM_SOURCE 1
#define HAVE_DLFCN_H 1
#define LT_OBJDIR ".libs/"
#define STDC_HEADERS 1
#define HAVE_FCNTL_H 1
#define HAVE_INTTYPES_H 1
#define HAVE_LIMITS_H 1
#define HAVE_STDLIB_H 1
#define HAVE_UNISTD_H 1
#define HAVE_FTRUNCATE 1
#define HAVE_MEMSET 1
#define HAVE_MKDIR 1
#define HAVE_STRCHR 1
#define HAVE_STRERROR 1
#define HAVE_STRTOL 1
#define HAVE_ZLIB 1
#define HAVE_PTHREAD_PRIO_INHERIT 1
#define HAVE_PTHREAD 1
#define HAVE_HASH_MAP 1
#define HAVE_HASH_SET 1
#define HASH_MAP_H <unordered_map>
#define HASH_SET_H <unordered_set>
#define HASH_NAMESPACE std
#define HASH_MAP_CLASS unordered_map
#define HASH_SET_CLASS unordered_set
#define HAVE_CXX11 1

configure: exit 0
